<?xml version="1.0"?>
<testsuites>
  <testsuite name="PhantomJS 1.9.2 (Windows 7)" package="undefined" timestamp="2013-11-03T09:29:38" id="0" hostname="amischol-PC" tests="14" errors="0" failures="0" time="0.013">
    <properties>
      <property name="browser.fullName" value="Mozilla/5.0 (Windows NT 6.1; WOW64) AppleWebKit/534.34 (KHTML, like Gecko) PhantomJS/1.9.2 Safari/534.34"/>
    </properties>
    <testcase name="should check that JSONC exist in Namespace" time="0.003" classname="PhantomJS 1.9.2 (Windows 7).JSONC API"/>
    <testcase name="should check that JSONC has a compress method" time="0" classname="PhantomJS 1.9.2 (Windows 7).JSONC API"/>
    <testcase name="should check that JSONC has a decompress method" time="0" classname="PhantomJS 1.9.2 (Windows 7).JSONC API"/>
    <testcase name="should check that returns that we expected" time="0.004" classname="PhantomJS 1.9.2 (Windows 7).JSONC_compress"/>
    <testcase name="should check that returns that we expected" time="0.001" classname="PhantomJS 1.9.2 (Windows 7).JSONC_compress"/>
    <testcase name="should check that returns that we expected" time="0.001" classname="PhantomJS 1.9.2 (Windows 7).JSONC_compress"/>
    <testcase name="should check that returns that we expected" time="0.001" classname="PhantomJS 1.9.2 (Windows 7).JSONC_compress"/>
    <testcase name="should check that returns that we expected" time="0.001" classname="PhantomJS 1.9.2 (Windows 7).JSONC_decompress"/>
    <testcase name="should check that returns that we expected" time="0" classname="PhantomJS 1.9.2 (Windows 7).JSONC_decompress"/>
    <testcase name="should check that returns that we expected as array" time="0.001" classname="PhantomJS 1.9.2 (Windows 7).JSONC_decompress"/>
    <testcase name="should test that returns the expected string" time="0" classname="PhantomJS 1.9.2 (Windows 7).JSONC_decompress JSONC_pack"/>
    <testcase name="should test that returns the expected string" time="0.001" classname="PhantomJS 1.9.2 (Windows 7).JSONC_decompress JSONC_pack"/>
    <testcase name="should test that returns the expected object" time="0" classname="PhantomJS 1.9.2 (Windows 7).JSONC_decompress JSONC_unpack"/>
    <testcase name="should test that returns the expected object" time="0" classname="PhantomJS 1.9.2 (Windows 7).JSONC_decompress JSONC_unpack"/>
    <system-out><![CDATA[
]]></system-out>
    <system-err/>
  </testsuite>
</testsuites>
